#-----------------------------------------------------------
# Webtalk v2017.4 (64-bit)
# SW Build 2086221 on Fri Dec 15 20:55:39 MST 2017
# 
# Start of session at: Fri Apr 12 19:00:27 2019
# Process ID: 5212
# Current directory: F:/xilinx_project/microblaze/ax7325/microblaze_mipi_group/microblaze_base.sdk/webtalk
# Command line: wbtcv.exe -mode batch -source sdk_webtalk.tcl
# Log file: F:/xilinx_project/microblaze/ax7325/microblaze_mipi_group/microblaze_base.sdk/webtalk/webtalk.log
# Journal file: F:/xilinx_project/microblaze/ax7325/microblaze_mipi_group/microblaze_base.sdk/webtalk\webtalk.jou
#-----------------------------------------------------------
source sdk_webtalk.tcl
# webtalk_init -webtalk_dir F:\\xilinx_project\\microblaze\\ax7325\\microblaze_mipi_group\\microblaze_base.sdk\\webtalk
# webtalk_register_client -client project
# webtalk_add_data -client project -key date_generated -value "2019-04-12 19:00:26" -context "software_version_and_target_device"
# webtalk_add_data -client project -key product_version -value "SDK v2017.4" -context "software_version_and_target_device"
# webtalk_add_data -client project -key build_version -value "2017.4" -context "software_version_and_target_device"
# webtalk_add_data -client project -key os_platform -value "amd64" -context "software_version_and_target_device"
# webtalk_add_data -client project -key registration_id -value "" -context "software_version_and_target_device"
# webtalk_add_data -client project -key tool_flow -value "SDK" -context "software_version_and_target_device"
# webtalk_add_data -client project -key beta -value "false" -context "software_version_and_target_device"
# webtalk_add_data -client project -key route_design -value "NA" -context "software_version_and_target_device"
# webtalk_add_data -client project -key target_family -value "NA" -context "software_version_and_target_device"
# webtalk_add_data -client project -key target_device -value "NA" -context "software_version_and_target_device"
# webtalk_add_data -client project -key target_package -value "NA" -context "software_version_and_target_device"
# webtalk_add_data -client project -key target_speed -value "NA" -context "software_version_and_target_device"
# webtalk_add_data -client project -key random_id -value "g0nc1ab1q602cfg68qd6q3d66n" -context "software_version_and_target_device"
# webtalk_add_data -client project -key project_id -value "2017.4_16" -context "software_version_and_target_device"
# webtalk_add_data -client project -key project_iteration -value "16" -context "software_version_and_target_device"
# webtalk_add_data -client project -key os_name -value "Microsoft Windows 8 or later , 64-bit" -context "user_environment"
# webtalk_add_data -client project -key os_release -value "major release  (build 9200)" -context "user_environment"
# webtalk_add_data -client project -key cpu_name -value "Intel(R) Core(TM) i5-8600 CPU @ 3.10GHz" -context "user_environment"
# webtalk_add_data -client project -key cpu_speed -value "3096 MHz" -context "user_environment"
# webtalk_add_data -client project -key total_processors -value "1" -context "user_environment"
# webtalk_add_data -client project -key system_ram -value "17.014 GB" -context "user_environment"
# webtalk_register_client -client sdk
# webtalk_add_data -client sdk -key uid -value "1555066411978" -context "sdk\\\\bsp/1555066411978"
# webtalk_add_data -client sdk -key hwid -value "1555061220547" -context "sdk\\\\bsp/1555066411978"
# webtalk_add_data -client sdk -key os -value "standalone" -context "sdk\\\\bsp/1555066411978"
# webtalk_add_data -client sdk -key apptemplate -value "srec_spi_bootloader" -context "sdk\\\\bsp/1555066411978"
# webtalk_add_data -client sdk -key RecordType -value "BSPCreation" -context "sdk\\\\bsp/1555066411978"
# webtalk_add_data -client sdk -key uid -value "1555066416090" -context "sdk\\\\application/1555066416090"
# webtalk_add_data -client sdk -key hwid -value "1555061220547" -context "sdk\\\\application/1555066416090"
# webtalk_add_data -client sdk -key bspid -value "1555066411978" -context "sdk\\\\application/1555066416090"
# webtalk_add_data -client sdk -key newbsp -value "true" -context "sdk\\\\application/1555066416090"
# webtalk_add_data -client sdk -key os -value "standalone" -context "sdk\\\\application/1555066416090"
# webtalk_add_data -client sdk -key apptemplate -value "srec_spi_bootloader" -context "sdk\\\\application/1555066416090"
# webtalk_add_data -client sdk -key RecordType -value "APPCreation" -context "sdk\\\\application/1555066416090"
# webtalk_add_data -client sdk -key LangUsed -value "C" -context "sdk\\\\application/1555066416090"
# webtalk_add_data -client sdk -key Procused -value "microblaze" -context "sdk\\\\application/1555066416090"
# webtalk_add_data -client sdk -key projSize -value "135.43359375" -context "sdk\\\\application/1555066416090"
# webtalk_add_data -client sdk -key uid -value "NA" -context "sdk\\\\bsp/1555066826163"
# webtalk_add_data -client sdk -key RecordType -value "ToolUsage" -context "sdk\\\\bsp/1555066826163"
# webtalk_add_data -client sdk -key BootgenCount -value "0" -context "sdk\\\\bsp/1555066826163"
# webtalk_add_data -client sdk -key DebugCount -value "3" -context "sdk\\\\bsp/1555066826163"
# webtalk_add_data -client sdk -key PerfCount -value "0" -context "sdk\\\\bsp/1555066826163"
# webtalk_add_data -client sdk -key FlashCount -value "2" -context "sdk\\\\bsp/1555066826163"
# webtalk_add_data -client sdk -key CrossTriggCount -value "0" -context "sdk\\\\bsp/1555066826163"
# webtalk_add_data -client sdk -key QemuDebugCount -value "0" -context "sdk\\\\bsp/1555066826163"
# webtalk_transmit -clientid 3065335119 -regid "" -xml F:\\xilinx_project\\microblaze\\ax7325\\microblaze_mipi_group\\microblaze_base.sdk\\webtalk\\usage_statistics_ext_sdk.xml -html F:\\xilinx_project\\microblaze\\ax7325\\microblaze_mipi_group\\microblaze_base.sdk\\webtalk\\usage_statistics_ext_sdk.html -wdm F:\\xilinx_project\\microblaze\\ax7325\\microblaze_mipi_group\\microblaze_base.sdk\\webtalk\\sdk_webtalk.wdm -intro "<H3>SDK Usage Report</H3><BR>"
# webtalk_terminate
INFO: [Common 17-206] Exiting Webtalk at Fri Apr 12 19:00:33 2019...
