Copyright 1986-2017 Xilinx, Inc. All Rights Reserved.
------------------------------------------------------------------------------------
| Tool Version : Vivado v.2017.4 (win64) Build 2086221 Fri Dec 15 20:55:39 MST 2017
| Date         : Sat Jul 11 22:30:31 2020
| Host         : DESKTOP-SPMCA49 running 64-bit major release  (build 9200)
| Command      : upgrade_ip
| Device       : xc7k325tffg900-2
------------------------------------------------------------------------------------

Upgrade Log for IP 'design_1_csi_4lane_raw10_0_1'

1. Summary
----------

SUCCESS in the upgrade of design_1_csi_4lane_raw10_0_1 (alinx.com.cn:user:csi_4lane_raw10:2.0) from (Rev. 4) to (Rev. 5)






Copyright 1986-2017 Xilinx, Inc. All Rights Reserved.
------------------------------------------------------------------------------------
| Tool Version : Vivado v.2017.4 (win64) Build 2086221 Fri Dec 15 20:55:39 MST 2017
| Date         : Sat Jul 11 22:30:31 2020
| Host         : DESKTOP-SPMCA49 running 64-bit major release  (build 9200)
| Command      : upgrade_ip
| Device       : xc7k325tffg900-2
------------------------------------------------------------------------------------

Upgrade Log for IP 'design_1_csi_4lane_raw10_0_0'

1. Summary
----------

SUCCESS in the upgrade of design_1_csi_4lane_raw10_0_0 (alinx.com.cn:user:csi_4lane_raw10:2.0) from (Rev. 4) to (Rev. 5)






Copyright 1986-2017 Xilinx, Inc. All Rights Reserved.
------------------------------------------------------------------------------------
| Tool Version : Vivado v.2017.4 (win64) Build 2086221 Fri Dec 15 20:55:39 MST 2017
| Date         : Sat Jul 11 17:50:37 2020
| Host         : DESKTOP-NFSOVD4 running 64-bit major release  (build 9200)
| Command      : upgrade_ip
| Device       : xc7k325tffg900-2
------------------------------------------------------------------------------------

Upgrade Log for IP 'design_1_csi_4lane_raw10_0_1'

1. Summary
----------

SUCCESS in the upgrade of design_1_csi_4lane_raw10_0_1 (alinx.com.cn:user:csi_4lane_raw10:2.0) from (Rev. 3) to (Rev. 4)






Copyright 1986-2017 Xilinx, Inc. All Rights Reserved.
------------------------------------------------------------------------------------
| Tool Version : Vivado v.2017.4 (win64) Build 2086221 Fri Dec 15 20:55:39 MST 2017
| Date         : Sat Jul 11 17:50:37 2020
| Host         : DESKTOP-NFSOVD4 running 64-bit major release  (build 9200)
| Command      : upgrade_ip
| Device       : xc7k325tffg900-2
------------------------------------------------------------------------------------

Upgrade Log for IP 'design_1_csi_4lane_raw10_0_0'

1. Summary
----------

SUCCESS in the upgrade of design_1_csi_4lane_raw10_0_0 (alinx.com.cn:user:csi_4lane_raw10:2.0) from (Rev. 3) to (Rev. 4)






Copyright 1986-2017 Xilinx, Inc. All Rights Reserved.
------------------------------------------------------------------------------------
| Tool Version : Vivado v.2017.4 (win64) Build 2086221 Fri Dec 15 20:55:39 MST 2017
| Date         : Sat Jul 11 17:03:19 2020
| Host         : DESKTOP-NFSOVD4 running 64-bit major release  (build 9200)
| Command      : upgrade_ip
| Device       : xc7k325tffg900-2
------------------------------------------------------------------------------------

Upgrade Log for IP 'design_1_csi_4lane_raw10_0_1'

1. Summary
----------

SUCCESS in the upgrade of design_1_csi_4lane_raw10_0_1 (alinx.com.cn:user:csi_4lane_raw10:2.0) from (Rev. 2) to (Rev. 3)






Copyright 1986-2017 Xilinx, Inc. All Rights Reserved.
------------------------------------------------------------------------------------
| Tool Version : Vivado v.2017.4 (win64) Build 2086221 Fri Dec 15 20:55:39 MST 2017
| Date         : Sat Jul 11 17:03:19 2020
| Host         : DESKTOP-NFSOVD4 running 64-bit major release  (build 9200)
| Command      : upgrade_ip
| Device       : xc7k325tffg900-2
------------------------------------------------------------------------------------

Upgrade Log for IP 'design_1_csi_4lane_raw10_0_0'

1. Summary
----------

SUCCESS in the upgrade of design_1_csi_4lane_raw10_0_0 (alinx.com.cn:user:csi_4lane_raw10:2.0) from (Rev. 2) to (Rev. 3)

