17:26:54 INFO  : Registering command handlers for SDK TCF services
17:26:54 INFO  : Launching XSCT server: xsct.bat -interactive F:\xilinx_project\microblaze\ax7325\microblaze_mipi_group\microblaze_base.sdk\temp_xsdb_launch_script.tcl
17:26:56 INFO  : XSCT server has started successfully.
17:26:56 INFO  : Successfully done setting XSCT server connection channel  
17:26:58 INFO  : Successfully done setting SDK workspace  
17:26:58 INFO  : Processing command line option -hwspec F:/xilinx_project/microblaze/ax7325/microblaze_mipi_group/microblaze_base.sdk/design_1_wrapper.hdf.
17:32:18 INFO  : Connected to target on host '127.0.0.1' and port '3121'.
17:32:27 INFO  : ----------------XSDB Script----------------
connect -url tcp:127.0.0.1:3121
----------------End of Script----------------

17:32:34 INFO  : Connected to target on host '127.0.0.1' and port '3121'.
17:32:34 INFO  : Jtag cable 'Digilent JTAG-HS1 210512180081' is selected.
17:32:34 INFO  : 'jtag frequency' command is executed.
17:32:34 INFO  : 'targets -set -filter {jtag_cable_name =~ "Digilent JTAG-HS1 210512180081" && level==0} -index 0' command is executed.
17:32:38 INFO  : FPGA configured successfully with bitstream "F:/xilinx_project/microblaze/ax7325/microblaze_mipi_group/microblaze_base.sdk/design_1_wrapper_hw_platform_0/design_1_wrapper.bit"
17:32:38 INFO  : Context for processor 'microblaze_0' is selected.
17:32:38 INFO  : System reset is completed.
17:32:41 INFO  : 'after 3000' command is executed.
17:32:41 INFO  : Context for processor 'microblaze_0' is selected.
17:33:03 INFO  : The application 'F:/xilinx_project/microblaze/ax7325/microblaze_mipi_group/microblaze_base.sdk/hdmi_test/Debug/hdmi_test.elf' is downloaded to processor 'microblaze_0'.
17:33:03 INFO  : ----------------XSDB Script----------------
connect -url tcp:127.0.0.1:3121
targets -set -filter {jtag_cable_name =~ "Digilent JTAG-HS1 210512180081" && level==0} -index 0
fpga -file F:/xilinx_project/microblaze/ax7325/microblaze_mipi_group/microblaze_base.sdk/design_1_wrapper_hw_platform_0/design_1_wrapper.bit
targets -set -nocase -filter {name =~ "microblaze*#0" && bscan=="USER2"  && jtag_cable_name =~ "Digilent JTAG-HS1 210512180081"} -index 0
rst -system
after 3000
targets -set -nocase -filter {name =~ "microblaze*#0" && bscan=="USER2"  && jtag_cable_name =~ "Digilent JTAG-HS1 210512180081"} -index 0
dow F:/xilinx_project/microblaze/ax7325/microblaze_mipi_group/microblaze_base.sdk/hdmi_test/Debug/hdmi_test.elf
----------------End of Script----------------

17:33:03 INFO  : Memory regions updated for context MicroBlaze #0
17:33:03 INFO  : Memory regions updated for context MicroBlaze Debug Module at USER2
17:33:04 INFO  : Context for processor 'microblaze_0' is selected.
17:33:04 INFO  : 'con' command is executed.
17:33:04 INFO  : ----------------XSDB Script (After Launch)----------------
targets -set -nocase -filter {name =~ "microblaze*#0" && bscan=="USER2"  && jtag_cable_name =~ "Digilent JTAG-HS1 210512180081"} -index 0
con
----------------End of Script----------------

17:33:04 INFO  : Launch script is exported to file 'F:\xilinx_project\microblaze\ax7325\microblaze_mipi_group\microblaze_base.sdk\.sdk\launch_scripts\xilinx_c-c++_application_(system_debugger)\system_debugger_using_debug_hdmi_test.elf_on_local.tcl'
17:42:41 INFO  : Disconnected from the channel tcfchan#1.
17:42:42 INFO  : 'targets -set -filter {jtag_cable_name =~ "Digilent JTAG-HS1 210512180081" && level==0} -index 0' command is executed.
17:42:42 INFO  : 'fpga -state' command is executed.
17:42:42 INFO  : Connected to target on host '127.0.0.1' and port '3121'.
17:42:42 INFO  : Jtag cable 'Digilent JTAG-HS1 210512180081' is selected.
17:42:42 INFO  : 'jtag frequency' command is executed.
17:42:42 INFO  : Context for processor 'microblaze_0' is selected.
17:42:42 INFO  : Processor reset is completed for 'microblaze_0'.
17:42:42 INFO  : Context for processor 'microblaze_0' is selected.
17:42:42 INFO  : The application 'F:/xilinx_project/microblaze/ax7325/microblaze_mipi_group/microblaze_base.sdk/mipi_test/Debug/mipi_test.elf' is downloaded to processor 'microblaze_0'.
17:42:42 INFO  : ----------------XSDB Script----------------
connect -url tcp:127.0.0.1:3121
targets -set -nocase -filter {name =~ "microblaze*#0" && bscan=="USER2"  && jtag_cable_name =~ "Digilent JTAG-HS1 210512180081"} -index 0
rst -processor
targets -set -nocase -filter {name =~ "microblaze*#0" && bscan=="USER2"  && jtag_cable_name =~ "Digilent JTAG-HS1 210512180081"} -index 0
dow F:/xilinx_project/microblaze/ax7325/microblaze_mipi_group/microblaze_base.sdk/mipi_test/Debug/mipi_test.elf
----------------End of Script----------------

17:42:42 INFO  : Memory regions updated for context MicroBlaze #0
17:42:42 INFO  : Memory regions updated for context MicroBlaze Debug Module at USER2
17:42:43 INFO  : Context for processor 'microblaze_0' is selected.
17:42:43 INFO  : 'con' command is executed.
17:42:43 INFO  : ----------------XSDB Script (After Launch)----------------
targets -set -nocase -filter {name =~ "microblaze*#0" && bscan=="USER2"  && jtag_cable_name =~ "Digilent JTAG-HS1 210512180081"} -index 0
con
----------------End of Script----------------

17:42:43 INFO  : Launch script is exported to file 'F:\xilinx_project\microblaze\ax7325\microblaze_mipi_group\microblaze_base.sdk\.sdk\launch_scripts\xilinx_c-c++_application_(system_debugger)\system_debugger_using_debug_mipi_test.elf_on_local.tcl'
17:43:36 INFO  : Disconnected from the channel tcfchan#2.
17:43:37 INFO  : 'targets -set -filter {jtag_cable_name =~ "Digilent JTAG-HS1 210512180081" && level==0} -index 0' command is executed.
17:43:37 INFO  : 'fpga -state' command is executed.
17:43:37 INFO  : Connected to target on host '127.0.0.1' and port '3121'.
17:43:38 INFO  : Jtag cable 'Digilent JTAG-HS1 210512180081' is selected.
17:43:38 INFO  : 'jtag frequency' command is executed.
17:43:38 INFO  : Context for processor 'microblaze_0' is selected.
17:43:38 INFO  : Processor reset is completed for 'microblaze_0'.
17:43:38 INFO  : Context for processor 'microblaze_0' is selected.
17:43:38 INFO  : The application 'F:/xilinx_project/microblaze/ax7325/microblaze_mipi_group/microblaze_base.sdk/mipi_test/Debug/mipi_test.elf' is downloaded to processor 'microblaze_0'.
17:43:38 INFO  : ----------------XSDB Script----------------
connect -url tcp:127.0.0.1:3121
targets -set -nocase -filter {name =~ "microblaze*#0" && bscan=="USER2"  && jtag_cable_name =~ "Digilent JTAG-HS1 210512180081"} -index 0
rst -processor
targets -set -nocase -filter {name =~ "microblaze*#0" && bscan=="USER2"  && jtag_cable_name =~ "Digilent JTAG-HS1 210512180081"} -index 0
dow F:/xilinx_project/microblaze/ax7325/microblaze_mipi_group/microblaze_base.sdk/mipi_test/Debug/mipi_test.elf
----------------End of Script----------------

17:43:38 INFO  : Memory regions updated for context MicroBlaze #0
17:43:38 INFO  : Memory regions updated for context MicroBlaze Debug Module at USER2
17:43:38 INFO  : Context for processor 'microblaze_0' is selected.
17:43:38 INFO  : 'con' command is executed.
17:43:38 INFO  : ----------------XSDB Script (After Launch)----------------
targets -set -nocase -filter {name =~ "microblaze*#0" && bscan=="USER2"  && jtag_cable_name =~ "Digilent JTAG-HS1 210512180081"} -index 0
con
----------------End of Script----------------

17:43:38 INFO  : Launch script is exported to file 'F:\xilinx_project\microblaze\ax7325\microblaze_mipi_group\microblaze_base.sdk\.sdk\launch_scripts\xilinx_c-c++_application_(system_debugger)\system_debugger_using_debug_mipi_test.elf_on_local.tcl'
17:43:53 INFO  : Disconnected from the channel tcfchan#3.
17:43:54 INFO  : Connected to target on host '127.0.0.1' and port '3121'.
17:43:54 INFO  : Jtag cable 'Digilent JTAG-HS1 210512180081' is selected.
17:43:54 INFO  : 'jtag frequency' command is executed.
17:43:54 INFO  : 'targets -set -filter {jtag_cable_name =~ "Digilent JTAG-HS1 210512180081" && level==0} -index 0' command is executed.
17:43:58 INFO  : FPGA configured successfully with bitstream "F:/xilinx_project/microblaze/ax7325/microblaze_mipi_group/microblaze_base.sdk/design_1_wrapper_hw_platform_0/design_1_wrapper.bit"
17:43:58 INFO  : Context for processor 'microblaze_0' is selected.
17:43:58 INFO  : System reset is completed.
17:44:01 INFO  : 'after 3000' command is executed.
17:44:01 INFO  : Context for processor 'microblaze_0' is selected.
17:44:02 INFO  : The application 'F:/xilinx_project/microblaze/ax7325/microblaze_mipi_group/microblaze_base.sdk/mipi_test/Debug/mipi_test.elf' is downloaded to processor 'microblaze_0'.
17:44:02 INFO  : ----------------XSDB Script----------------
connect -url tcp:127.0.0.1:3121
targets -set -filter {jtag_cable_name =~ "Digilent JTAG-HS1 210512180081" && level==0} -index 0
fpga -file F:/xilinx_project/microblaze/ax7325/microblaze_mipi_group/microblaze_base.sdk/design_1_wrapper_hw_platform_0/design_1_wrapper.bit
targets -set -nocase -filter {name =~ "microblaze*#0" && bscan=="USER2"  && jtag_cable_name =~ "Digilent JTAG-HS1 210512180081"} -index 0
rst -system
after 3000
targets -set -nocase -filter {name =~ "microblaze*#0" && bscan=="USER2"  && jtag_cable_name =~ "Digilent JTAG-HS1 210512180081"} -index 0
dow F:/xilinx_project/microblaze/ax7325/microblaze_mipi_group/microblaze_base.sdk/mipi_test/Debug/mipi_test.elf
----------------End of Script----------------

17:44:02 INFO  : Memory regions updated for context MicroBlaze #0
17:44:02 INFO  : Memory regions updated for context MicroBlaze Debug Module at USER2
17:44:02 INFO  : Context for processor 'microblaze_0' is selected.
17:44:02 INFO  : 'con' command is executed.
17:44:02 INFO  : ----------------XSDB Script (After Launch)----------------
targets -set -nocase -filter {name =~ "microblaze*#0" && bscan=="USER2"  && jtag_cable_name =~ "Digilent JTAG-HS1 210512180081"} -index 0
con
----------------End of Script----------------

17:44:02 INFO  : Launch script is exported to file 'F:\xilinx_project\microblaze\ax7325\microblaze_mipi_group\microblaze_base.sdk\.sdk\launch_scripts\xilinx_c-c++_application_(system_debugger)\system_debugger_using_debug_mipi_test.elf_on_local.tcl'
17:45:04 INFO  : Disconnected from the channel tcfchan#4.
17:45:05 INFO  : Connected to target on host '127.0.0.1' and port '3121'.
17:45:05 INFO  : Jtag cable 'Digilent JTAG-HS1 210512180081' is selected.
17:45:05 INFO  : 'jtag frequency' command is executed.
17:45:05 INFO  : 'targets -set -filter {jtag_cable_name =~ "Digilent JTAG-HS1 210512180081" && level==0} -index 0' command is executed.
17:45:09 INFO  : FPGA configured successfully with bitstream "F:/xilinx_project/microblaze/ax7325/microblaze_mipi_group/microblaze_base.sdk/design_1_wrapper_hw_platform_0/design_1_wrapper.bit"
17:45:09 INFO  : Context for processor 'microblaze_0' is selected.
17:45:09 INFO  : System reset is completed.
17:45:12 INFO  : 'after 3000' command is executed.
17:45:12 INFO  : Context for processor 'microblaze_0' is selected.
17:45:13 INFO  : The application 'F:/xilinx_project/microblaze/ax7325/microblaze_mipi_group/microblaze_base.sdk/mipi_test/Debug/mipi_test.elf' is downloaded to processor 'microblaze_0'.
17:45:13 INFO  : ----------------XSDB Script----------------
connect -url tcp:127.0.0.1:3121
targets -set -filter {jtag_cable_name =~ "Digilent JTAG-HS1 210512180081" && level==0} -index 0
fpga -file F:/xilinx_project/microblaze/ax7325/microblaze_mipi_group/microblaze_base.sdk/design_1_wrapper_hw_platform_0/design_1_wrapper.bit
targets -set -nocase -filter {name =~ "microblaze*#0" && bscan=="USER2"  && jtag_cable_name =~ "Digilent JTAG-HS1 210512180081"} -index 0
rst -system
after 3000
targets -set -nocase -filter {name =~ "microblaze*#0" && bscan=="USER2"  && jtag_cable_name =~ "Digilent JTAG-HS1 210512180081"} -index 0
dow F:/xilinx_project/microblaze/ax7325/microblaze_mipi_group/microblaze_base.sdk/mipi_test/Debug/mipi_test.elf
----------------End of Script----------------

17:45:13 INFO  : Memory regions updated for context MicroBlaze #0
17:45:13 INFO  : Memory regions updated for context MicroBlaze Debug Module at USER2
17:45:13 INFO  : Context for processor 'microblaze_0' is selected.
17:45:13 INFO  : 'con' command is executed.
17:45:13 INFO  : ----------------XSDB Script (After Launch)----------------
targets -set -nocase -filter {name =~ "microblaze*#0" && bscan=="USER2"  && jtag_cable_name =~ "Digilent JTAG-HS1 210512180081"} -index 0
con
----------------End of Script----------------

17:45:13 INFO  : Launch script is exported to file 'F:\xilinx_project\microblaze\ax7325\microblaze_mipi_group\microblaze_base.sdk\.sdk\launch_scripts\xilinx_c-c++_application_(system_debugger)\system_debugger_using_debug_mipi_test.elf_on_local.tcl'
17:46:28 INFO  : Disconnected from the channel tcfchan#5.
17:46:55 INFO  : Connected to target on host '127.0.0.1' and port '3121'.
17:46:55 INFO  : Jtag cable 'Digilent JTAG-HS1 210512180081' is selected.
17:46:55 INFO  : 'jtag frequency' command is executed.
17:46:55 INFO  : 'targets -set -filter {jtag_cable_name =~ "Digilent JTAG-HS1 210512180081" && level==0} -index 0' command is executed.
17:46:59 INFO  : FPGA configured successfully with bitstream "F:/xilinx_project/microblaze/ax7325/microblaze_mipi_group/microblaze_base.sdk/design_1_wrapper_hw_platform_0/design_1_wrapper.bit"
17:46:59 INFO  : Context for processor 'microblaze_0' is selected.
17:47:00 INFO  : System reset is completed.
17:47:03 INFO  : 'after 3000' command is executed.
17:47:03 INFO  : Context for processor 'microblaze_0' is selected.
17:47:03 INFO  : The application 'F:/xilinx_project/microblaze/ax7325/microblaze_mipi_group/microblaze_base.sdk/mipi_test/Debug/mipi_test.elf' is downloaded to processor 'microblaze_0'.
17:47:03 INFO  : ----------------XSDB Script----------------
connect -url tcp:127.0.0.1:3121
targets -set -filter {jtag_cable_name =~ "Digilent JTAG-HS1 210512180081" && level==0} -index 0
fpga -file F:/xilinx_project/microblaze/ax7325/microblaze_mipi_group/microblaze_base.sdk/design_1_wrapper_hw_platform_0/design_1_wrapper.bit
targets -set -nocase -filter {name =~ "microblaze*#0" && bscan=="USER2"  && jtag_cable_name =~ "Digilent JTAG-HS1 210512180081"} -index 0
rst -system
after 3000
targets -set -nocase -filter {name =~ "microblaze*#0" && bscan=="USER2"  && jtag_cable_name =~ "Digilent JTAG-HS1 210512180081"} -index 0
dow F:/xilinx_project/microblaze/ax7325/microblaze_mipi_group/microblaze_base.sdk/mipi_test/Debug/mipi_test.elf
----------------End of Script----------------

17:47:03 INFO  : Memory regions updated for context MicroBlaze #0
17:47:03 INFO  : Memory regions updated for context MicroBlaze Debug Module at USER2
17:47:03 INFO  : Context for processor 'microblaze_0' is selected.
17:47:04 INFO  : 'con' command is executed.
17:47:04 INFO  : ----------------XSDB Script (After Launch)----------------
targets -set -nocase -filter {name =~ "microblaze*#0" && bscan=="USER2"  && jtag_cable_name =~ "Digilent JTAG-HS1 210512180081"} -index 0
con
----------------End of Script----------------

17:47:04 INFO  : Launch script is exported to file 'F:\xilinx_project\microblaze\ax7325\microblaze_mipi_group\microblaze_base.sdk\.sdk\launch_scripts\xilinx_c-c++_application_(system_debugger)\system_debugger_using_debug_mipi_test.elf_on_local.tcl'
17:54:59 INFO  : Disconnected from the channel tcfchan#6.
17:55:00 INFO  : Connected to target on host '127.0.0.1' and port '3121'.
17:55:00 INFO  : Jtag cable 'Digilent JTAG-HS1 210512180081' is selected.
17:55:00 INFO  : 'jtag frequency' command is executed.
17:55:00 INFO  : 'targets -set -filter {jtag_cable_name =~ "Digilent JTAG-HS1 210512180081" && level==0} -index 0' command is executed.
17:55:05 INFO  : FPGA configured successfully with bitstream "F:/xilinx_project/microblaze/ax7325/microblaze_mipi_group/microblaze_base.sdk/design_1_wrapper_hw_platform_0/design_1_wrapper.bit"
17:55:05 INFO  : Context for processor 'microblaze_0' is selected.
17:55:05 INFO  : System reset is completed.
17:55:08 INFO  : 'after 3000' command is executed.
17:55:08 INFO  : Context for processor 'microblaze_0' is selected.
17:55:30 INFO  : The application 'F:/xilinx_project/microblaze/ax7325/microblaze_mipi_group/microblaze_base.sdk/mipi_test/Debug/mipi_test.elf' is downloaded to processor 'microblaze_0'.
17:55:30 INFO  : ----------------XSDB Script----------------
connect -url tcp:127.0.0.1:3121
targets -set -filter {jtag_cable_name =~ "Digilent JTAG-HS1 210512180081" && level==0} -index 0
fpga -file F:/xilinx_project/microblaze/ax7325/microblaze_mipi_group/microblaze_base.sdk/design_1_wrapper_hw_platform_0/design_1_wrapper.bit
targets -set -nocase -filter {name =~ "microblaze*#0" && bscan=="USER2"  && jtag_cable_name =~ "Digilent JTAG-HS1 210512180081"} -index 0
rst -system
after 3000
targets -set -nocase -filter {name =~ "microblaze*#0" && bscan=="USER2"  && jtag_cable_name =~ "Digilent JTAG-HS1 210512180081"} -index 0
dow F:/xilinx_project/microblaze/ax7325/microblaze_mipi_group/microblaze_base.sdk/mipi_test/Debug/mipi_test.elf
----------------End of Script----------------

17:55:30 INFO  : Memory regions updated for context MicroBlaze #0
17:55:30 INFO  : Memory regions updated for context MicroBlaze Debug Module at USER2
17:55:30 INFO  : Context for processor 'microblaze_0' is selected.
17:55:30 INFO  : 'con' command is executed.
17:55:30 INFO  : ----------------XSDB Script (After Launch)----------------
targets -set -nocase -filter {name =~ "microblaze*#0" && bscan=="USER2"  && jtag_cable_name =~ "Digilent JTAG-HS1 210512180081"} -index 0
con
----------------End of Script----------------

17:55:30 INFO  : Launch script is exported to file 'F:\xilinx_project\microblaze\ax7325\microblaze_mipi_group\microblaze_base.sdk\.sdk\launch_scripts\xilinx_c-c++_application_(system_debugger)\system_debugger_using_debug_mipi_test.elf_on_local.tcl'
17:57:40 INFO  : Disconnected from the channel tcfchan#7.
17:57:41 INFO  : Connected to target on host '127.0.0.1' and port '3121'.
17:57:41 INFO  : Jtag cable 'Digilent JTAG-HS1 210512180081' is selected.
17:57:41 INFO  : 'jtag frequency' command is executed.
17:57:41 INFO  : 'targets -set -filter {jtag_cable_name =~ "Digilent JTAG-HS1 210512180081" && level==0} -index 0' command is executed.
17:57:46 INFO  : FPGA configured successfully with bitstream "F:/xilinx_project/microblaze/ax7325/microblaze_mipi_group/microblaze_base.sdk/design_1_wrapper_hw_platform_0/design_1_wrapper.bit"
17:57:46 INFO  : Context for processor 'microblaze_0' is selected.
17:57:46 INFO  : System reset is completed.
17:57:49 INFO  : 'after 3000' command is executed.
17:57:49 INFO  : Context for processor 'microblaze_0' is selected.
17:58:11 INFO  : The application 'F:/xilinx_project/microblaze/ax7325/microblaze_mipi_group/microblaze_base.sdk/mipi_test/Debug/mipi_test.elf' is downloaded to processor 'microblaze_0'.
17:58:11 INFO  : ----------------XSDB Script----------------
connect -url tcp:127.0.0.1:3121
targets -set -filter {jtag_cable_name =~ "Digilent JTAG-HS1 210512180081" && level==0} -index 0
fpga -file F:/xilinx_project/microblaze/ax7325/microblaze_mipi_group/microblaze_base.sdk/design_1_wrapper_hw_platform_0/design_1_wrapper.bit
targets -set -nocase -filter {name =~ "microblaze*#0" && bscan=="USER2"  && jtag_cable_name =~ "Digilent JTAG-HS1 210512180081"} -index 0
rst -system
after 3000
targets -set -nocase -filter {name =~ "microblaze*#0" && bscan=="USER2"  && jtag_cable_name =~ "Digilent JTAG-HS1 210512180081"} -index 0
dow F:/xilinx_project/microblaze/ax7325/microblaze_mipi_group/microblaze_base.sdk/mipi_test/Debug/mipi_test.elf
----------------End of Script----------------

17:58:11 INFO  : Memory regions updated for context MicroBlaze #0
17:58:11 INFO  : Memory regions updated for context MicroBlaze Debug Module at USER2
17:58:11 INFO  : Context for processor 'microblaze_0' is selected.
17:58:11 INFO  : 'con' command is executed.
17:58:11 INFO  : ----------------XSDB Script (After Launch)----------------
targets -set -nocase -filter {name =~ "microblaze*#0" && bscan=="USER2"  && jtag_cable_name =~ "Digilent JTAG-HS1 210512180081"} -index 0
con
----------------End of Script----------------

17:58:11 INFO  : Launch script is exported to file 'F:\xilinx_project\microblaze\ax7325\microblaze_mipi_group\microblaze_base.sdk\.sdk\launch_scripts\xilinx_c-c++_application_(system_debugger)\system_debugger_using_debug_mipi_test.elf_on_local.tcl'
18:02:28 INFO  : Disconnected from the channel tcfchan#8.
18:02:29 INFO  : Connected to target on host '127.0.0.1' and port '3121'.
18:02:29 INFO  : Jtag cable 'Digilent JTAG-HS1 210512180081' is selected.
18:02:29 INFO  : 'jtag frequency' command is executed.
18:02:29 INFO  : 'targets -set -filter {jtag_cable_name =~ "Digilent JTAG-HS1 210512180081" && level==0} -index 0' command is executed.
18:02:33 INFO  : FPGA configured successfully with bitstream "F:/xilinx_project/microblaze/ax7325/microblaze_mipi_group/microblaze_base.sdk/design_1_wrapper_hw_platform_0/design_1_wrapper.bit"
18:02:33 INFO  : Context for processor 'microblaze_0' is selected.
18:02:33 INFO  : System reset is completed.
18:02:36 INFO  : 'after 3000' command is executed.
18:02:36 INFO  : Context for processor 'microblaze_0' is selected.
18:02:58 INFO  : The application 'F:/xilinx_project/microblaze/ax7325/microblaze_mipi_group/microblaze_base.sdk/mipi_test/Debug/mipi_test.elf' is downloaded to processor 'microblaze_0'.
18:02:58 INFO  : ----------------XSDB Script----------------
connect -url tcp:127.0.0.1:3121
targets -set -filter {jtag_cable_name =~ "Digilent JTAG-HS1 210512180081" && level==0} -index 0
fpga -file F:/xilinx_project/microblaze/ax7325/microblaze_mipi_group/microblaze_base.sdk/design_1_wrapper_hw_platform_0/design_1_wrapper.bit
targets -set -nocase -filter {name =~ "microblaze*#0" && bscan=="USER2"  && jtag_cable_name =~ "Digilent JTAG-HS1 210512180081"} -index 0
rst -system
after 3000
targets -set -nocase -filter {name =~ "microblaze*#0" && bscan=="USER2"  && jtag_cable_name =~ "Digilent JTAG-HS1 210512180081"} -index 0
dow F:/xilinx_project/microblaze/ax7325/microblaze_mipi_group/microblaze_base.sdk/mipi_test/Debug/mipi_test.elf
----------------End of Script----------------

18:02:58 INFO  : Memory regions updated for context MicroBlaze #0
18:02:58 INFO  : Memory regions updated for context MicroBlaze Debug Module at USER2
18:02:59 INFO  : Context for processor 'microblaze_0' is selected.
18:02:59 INFO  : 'con' command is executed.
18:02:59 INFO  : ----------------XSDB Script (After Launch)----------------
targets -set -nocase -filter {name =~ "microblaze*#0" && bscan=="USER2"  && jtag_cable_name =~ "Digilent JTAG-HS1 210512180081"} -index 0
con
----------------End of Script----------------

18:02:59 INFO  : Launch script is exported to file 'F:\xilinx_project\microblaze\ax7325\microblaze_mipi_group\microblaze_base.sdk\.sdk\launch_scripts\xilinx_c-c++_application_(system_debugger)\system_debugger_using_debug_mipi_test.elf_on_local.tcl'
18:03:40 INFO  : Disconnected from the channel tcfchan#9.
18:03:41 INFO  : Connected to target on host '127.0.0.1' and port '3121'.
18:03:41 INFO  : Jtag cable 'Digilent JTAG-HS1 210512180081' is selected.
18:03:41 INFO  : 'jtag frequency' command is executed.
18:03:41 INFO  : 'targets -set -filter {jtag_cable_name =~ "Digilent JTAG-HS1 210512180081" && level==0} -index 0' command is executed.
18:03:46 INFO  : FPGA configured successfully with bitstream "F:/xilinx_project/microblaze/ax7325/microblaze_mipi_group/microblaze_base.sdk/design_1_wrapper_hw_platform_0/design_1_wrapper.bit"
18:03:46 INFO  : Context for processor 'microblaze_0' is selected.
18:03:46 INFO  : System reset is completed.
18:03:49 INFO  : 'after 3000' command is executed.
18:03:49 INFO  : Context for processor 'microblaze_0' is selected.
18:03:49 INFO  : The application 'F:/xilinx_project/microblaze/ax7325/microblaze_mipi_group/microblaze_base.sdk/mipi_test/Debug/mipi_test.elf' is downloaded to processor 'microblaze_0'.
18:03:49 INFO  : ----------------XSDB Script----------------
connect -url tcp:127.0.0.1:3121
targets -set -filter {jtag_cable_name =~ "Digilent JTAG-HS1 210512180081" && level==0} -index 0
fpga -file F:/xilinx_project/microblaze/ax7325/microblaze_mipi_group/microblaze_base.sdk/design_1_wrapper_hw_platform_0/design_1_wrapper.bit
targets -set -nocase -filter {name =~ "microblaze*#0" && bscan=="USER2"  && jtag_cable_name =~ "Digilent JTAG-HS1 210512180081"} -index 0
rst -system
after 3000
targets -set -nocase -filter {name =~ "microblaze*#0" && bscan=="USER2"  && jtag_cable_name =~ "Digilent JTAG-HS1 210512180081"} -index 0
dow F:/xilinx_project/microblaze/ax7325/microblaze_mipi_group/microblaze_base.sdk/mipi_test/Debug/mipi_test.elf
----------------End of Script----------------

18:03:49 INFO  : Memory regions updated for context MicroBlaze #0
18:03:49 INFO  : Memory regions updated for context MicroBlaze Debug Module at USER2
18:03:50 INFO  : Context for processor 'microblaze_0' is selected.
18:03:50 INFO  : 'con' command is executed.
18:03:50 INFO  : ----------------XSDB Script (After Launch)----------------
targets -set -nocase -filter {name =~ "microblaze*#0" && bscan=="USER2"  && jtag_cable_name =~ "Digilent JTAG-HS1 210512180081"} -index 0
con
----------------End of Script----------------

18:03:50 INFO  : Launch script is exported to file 'F:\xilinx_project\microblaze\ax7325\microblaze_mipi_group\microblaze_base.sdk\.sdk\launch_scripts\xilinx_c-c++_application_(system_debugger)\system_debugger_using_debug_mipi_test.elf_on_local.tcl'
18:07:14 INFO  : Disconnected from the channel tcfchan#10.
18:07:15 INFO  : Connected to target on host '127.0.0.1' and port '3121'.
18:07:15 INFO  : Jtag cable 'Digilent JTAG-HS1 210512180081' is selected.
18:07:15 INFO  : 'jtag frequency' command is executed.
18:07:15 INFO  : 'targets -set -filter {jtag_cable_name =~ "Digilent JTAG-HS1 210512180081" && level==0} -index 0' command is executed.
18:07:19 INFO  : FPGA configured successfully with bitstream "F:/xilinx_project/microblaze/ax7325/microblaze_mipi_group/microblaze_base.sdk/design_1_wrapper_hw_platform_0/design_1_wrapper.bit"
18:07:19 INFO  : Context for processor 'microblaze_0' is selected.
18:07:19 INFO  : System reset is completed.
18:07:22 INFO  : 'after 3000' command is executed.
18:07:22 INFO  : Context for processor 'microblaze_0' is selected.
18:07:23 INFO  : The application 'F:/xilinx_project/microblaze/ax7325/microblaze_mipi_group/microblaze_base.sdk/mipi_test/Debug/mipi_test.elf' is downloaded to processor 'microblaze_0'.
18:07:23 INFO  : ----------------XSDB Script----------------
connect -url tcp:127.0.0.1:3121
targets -set -filter {jtag_cable_name =~ "Digilent JTAG-HS1 210512180081" && level==0} -index 0
fpga -file F:/xilinx_project/microblaze/ax7325/microblaze_mipi_group/microblaze_base.sdk/design_1_wrapper_hw_platform_0/design_1_wrapper.bit
targets -set -nocase -filter {name =~ "microblaze*#0" && bscan=="USER2"  && jtag_cable_name =~ "Digilent JTAG-HS1 210512180081"} -index 0
rst -system
after 3000
targets -set -nocase -filter {name =~ "microblaze*#0" && bscan=="USER2"  && jtag_cable_name =~ "Digilent JTAG-HS1 210512180081"} -index 0
dow F:/xilinx_project/microblaze/ax7325/microblaze_mipi_group/microblaze_base.sdk/mipi_test/Debug/mipi_test.elf
----------------End of Script----------------

18:07:23 INFO  : Memory regions updated for context MicroBlaze #0
18:07:23 INFO  : Memory regions updated for context MicroBlaze Debug Module at USER2
18:07:23 INFO  : Context for processor 'microblaze_0' is selected.
18:07:23 INFO  : 'con' command is executed.
18:07:23 INFO  : ----------------XSDB Script (After Launch)----------------
targets -set -nocase -filter {name =~ "microblaze*#0" && bscan=="USER2"  && jtag_cable_name =~ "Digilent JTAG-HS1 210512180081"} -index 0
con
----------------End of Script----------------

18:07:23 INFO  : Launch script is exported to file 'F:\xilinx_project\microblaze\ax7325\microblaze_mipi_group\microblaze_base.sdk\.sdk\launch_scripts\xilinx_c-c++_application_(system_debugger)\system_debugger_using_debug_mipi_test.elf_on_local.tcl'
18:08:53 INFO  : Disconnected from the channel tcfchan#11.
18:08:54 INFO  : Connected to target on host '127.0.0.1' and port '3121'.
18:08:54 INFO  : Jtag cable 'Digilent JTAG-HS1 210512180081' is selected.
18:08:54 INFO  : 'jtag frequency' command is executed.
18:08:54 INFO  : 'targets -set -filter {jtag_cable_name =~ "Digilent JTAG-HS1 210512180081" && level==0} -index 0' command is executed.
18:08:59 INFO  : FPGA configured successfully with bitstream "F:/xilinx_project/microblaze/ax7325/microblaze_mipi_group/microblaze_base.sdk/design_1_wrapper_hw_platform_0/design_1_wrapper.bit"
18:08:59 INFO  : Context for processor 'microblaze_0' is selected.
18:08:59 INFO  : System reset is completed.
18:09:02 INFO  : 'after 3000' command is executed.
18:09:02 INFO  : Context for processor 'microblaze_0' is selected.
18:09:02 INFO  : The application 'F:/xilinx_project/microblaze/ax7325/microblaze_mipi_group/microblaze_base.sdk/mipi_test/Debug/mipi_test.elf' is downloaded to processor 'microblaze_0'.
18:09:02 INFO  : ----------------XSDB Script----------------
connect -url tcp:127.0.0.1:3121
targets -set -filter {jtag_cable_name =~ "Digilent JTAG-HS1 210512180081" && level==0} -index 0
fpga -file F:/xilinx_project/microblaze/ax7325/microblaze_mipi_group/microblaze_base.sdk/design_1_wrapper_hw_platform_0/design_1_wrapper.bit
targets -set -nocase -filter {name =~ "microblaze*#0" && bscan=="USER2"  && jtag_cable_name =~ "Digilent JTAG-HS1 210512180081"} -index 0
rst -system
after 3000
targets -set -nocase -filter {name =~ "microblaze*#0" && bscan=="USER2"  && jtag_cable_name =~ "Digilent JTAG-HS1 210512180081"} -index 0
dow F:/xilinx_project/microblaze/ax7325/microblaze_mipi_group/microblaze_base.sdk/mipi_test/Debug/mipi_test.elf
----------------End of Script----------------

18:09:02 INFO  : Memory regions updated for context MicroBlaze #0
18:09:02 INFO  : Memory regions updated for context MicroBlaze Debug Module at USER2
18:09:03 INFO  : Context for processor 'microblaze_0' is selected.
18:09:03 INFO  : 'con' command is executed.
18:09:03 INFO  : ----------------XSDB Script (After Launch)----------------
targets -set -nocase -filter {name =~ "microblaze*#0" && bscan=="USER2"  && jtag_cable_name =~ "Digilent JTAG-HS1 210512180081"} -index 0
con
----------------End of Script----------------

18:09:03 INFO  : Launch script is exported to file 'F:\xilinx_project\microblaze\ax7325\microblaze_mipi_group\microblaze_base.sdk\.sdk\launch_scripts\xilinx_c-c++_application_(system_debugger)\system_debugger_using_debug_mipi_test.elf_on_local.tcl'
18:13:12 INFO  : Disconnected from the channel tcfchan#12.
18:46:22 INFO  : Registering command handlers for SDK TCF services
18:46:22 INFO  : Launching XSCT server: xsct.bat -interactive F:\xilinx_project\microblaze\ax7325\microblaze_mipi_group\microblaze_base.sdk\temp_xsdb_launch_script.tcl
18:46:24 INFO  : XSCT server has started successfully.
18:46:26 INFO  : Successfully done setting XSCT server connection channel  
18:46:26 INFO  : Successfully done setting SDK workspace  
18:46:26 INFO  : Processing command line option -hwspec F:/xilinx_project/microblaze/ax7325/microblaze_mipi_group/microblaze_base.sdk/design_1_wrapper.hdf.
18:46:26 INFO  : Checking for hwspec changes in the project design_1_wrapper_hw_platform_0.
18:49:34 INFO  : Connected to target on host '127.0.0.1' and port '3121'.
18:49:35 INFO  : Jtag cable 'Digilent JTAG-HS1 210512180081' is selected.
18:49:35 INFO  : 'jtag frequency' command is executed.
18:49:35 INFO  : 'targets -set -filter {jtag_cable_name =~ "Digilent JTAG-HS1 210512180081" && level==0} -index 0' command is executed.
18:49:39 INFO  : FPGA configured successfully with bitstream "F:/xilinx_project/microblaze/ax7325/microblaze_mipi_group/microblaze_base.sdk/design_1_wrapper_hw_platform_0/design_1_wrapper.bit"
18:49:39 INFO  : Context for processor 'microblaze_0' is selected.
18:49:39 INFO  : System reset is completed.
18:49:42 INFO  : 'after 3000' command is executed.
18:49:42 INFO  : Context for processor 'microblaze_0' is selected.
18:49:43 INFO  : The application 'F:/xilinx_project/microblaze/ax7325/microblaze_mipi_group/microblaze_base.sdk/mipi_test/Debug/mipi_test.elf' is downloaded to processor 'microblaze_0'.
18:49:43 INFO  : ----------------XSDB Script----------------
connect -url tcp:127.0.0.1:3121
targets -set -filter {jtag_cable_name =~ "Digilent JTAG-HS1 210512180081" && level==0} -index 0
fpga -file F:/xilinx_project/microblaze/ax7325/microblaze_mipi_group/microblaze_base.sdk/design_1_wrapper_hw_platform_0/design_1_wrapper.bit
targets -set -nocase -filter {name =~ "microblaze*#0" && bscan=="USER2"  && jtag_cable_name =~ "Digilent JTAG-HS1 210512180081"} -index 0
rst -system
after 3000
targets -set -nocase -filter {name =~ "microblaze*#0" && bscan=="USER2"  && jtag_cable_name =~ "Digilent JTAG-HS1 210512180081"} -index 0
dow F:/xilinx_project/microblaze/ax7325/microblaze_mipi_group/microblaze_base.sdk/mipi_test/Debug/mipi_test.elf
----------------End of Script----------------

18:49:43 INFO  : Memory regions updated for context MicroBlaze #0
18:49:43 INFO  : Memory regions updated for context MicroBlaze Debug Module at USER2
18:49:43 INFO  : Context for processor 'microblaze_0' is selected.
18:49:43 INFO  : 'con' command is executed.
18:49:43 INFO  : ----------------XSDB Script (After Launch)----------------
targets -set -nocase -filter {name =~ "microblaze*#0" && bscan=="USER2"  && jtag_cable_name =~ "Digilent JTAG-HS1 210512180081"} -index 0
con
----------------End of Script----------------

18:49:43 INFO  : Launch script is exported to file 'F:\xilinx_project\microblaze\ax7325\microblaze_mipi_group\microblaze_base.sdk\.sdk\launch_scripts\xilinx_c-c++_application_(system_debugger)\system_debugger_using_debug_mipi_test.elf_on_local.tcl'
18:52:46 INFO  : Disconnected from the channel tcfchan#1.
18:52:47 INFO  : Connected to target on host '127.0.0.1' and port '3121'.
18:52:47 INFO  : Jtag cable 'Digilent JTAG-HS1 210512180081' is selected.
18:52:47 INFO  : 'jtag frequency' command is executed.
18:52:47 INFO  : 'targets -set -filter {jtag_cable_name =~ "Digilent JTAG-HS1 210512180081" && level==0} -index 0' command is executed.
18:52:52 INFO  : FPGA configured successfully with bitstream "F:/xilinx_project/microblaze/ax7325/microblaze_mipi_group/microblaze_base.sdk/design_1_wrapper_hw_platform_0/design_1_wrapper.bit"
18:52:52 INFO  : Context for processor 'microblaze_0' is selected.
18:52:52 INFO  : System reset is completed.
18:52:55 INFO  : 'after 3000' command is executed.
18:52:55 INFO  : Context for processor 'microblaze_0' is selected.
18:52:55 INFO  : The application 'F:/xilinx_project/microblaze/ax7325/microblaze_mipi_group/microblaze_base.sdk/mipi_test/Debug/mipi_test.elf' is downloaded to processor 'microblaze_0'.
18:52:55 INFO  : ----------------XSDB Script----------------
connect -url tcp:127.0.0.1:3121
targets -set -filter {jtag_cable_name =~ "Digilent JTAG-HS1 210512180081" && level==0} -index 0
fpga -file F:/xilinx_project/microblaze/ax7325/microblaze_mipi_group/microblaze_base.sdk/design_1_wrapper_hw_platform_0/design_1_wrapper.bit
targets -set -nocase -filter {name =~ "microblaze*#0" && bscan=="USER2"  && jtag_cable_name =~ "Digilent JTAG-HS1 210512180081"} -index 0
rst -system
after 3000
targets -set -nocase -filter {name =~ "microblaze*#0" && bscan=="USER2"  && jtag_cable_name =~ "Digilent JTAG-HS1 210512180081"} -index 0
dow F:/xilinx_project/microblaze/ax7325/microblaze_mipi_group/microblaze_base.sdk/mipi_test/Debug/mipi_test.elf
----------------End of Script----------------

18:52:55 INFO  : Memory regions updated for context MicroBlaze #0
18:52:55 INFO  : Memory regions updated for context MicroBlaze Debug Module at USER2
18:52:56 INFO  : Context for processor 'microblaze_0' is selected.
18:52:56 INFO  : 'con' command is executed.
18:52:56 INFO  : ----------------XSDB Script (After Launch)----------------
targets -set -nocase -filter {name =~ "microblaze*#0" && bscan=="USER2"  && jtag_cable_name =~ "Digilent JTAG-HS1 210512180081"} -index 0
con
----------------End of Script----------------

18:52:56 INFO  : Launch script is exported to file 'F:\xilinx_project\microblaze\ax7325\microblaze_mipi_group\microblaze_base.sdk\.sdk\launch_scripts\xilinx_c-c++_application_(system_debugger)\system_debugger_using_debug_mipi_test.elf_on_local.tcl'
18:53:02 INFO  : Disconnected from the channel tcfchan#2.
18:53:03 INFO  : Connected to target on host '127.0.0.1' and port '3121'.
18:53:03 INFO  : Jtag cable 'Digilent JTAG-HS1 210512180081' is selected.
18:53:03 INFO  : 'jtag frequency' command is executed.
18:53:03 INFO  : 'targets -set -filter {jtag_cable_name =~ "Digilent JTAG-HS1 210512180081" && level==0} -index 0' command is executed.
18:53:07 INFO  : FPGA configured successfully with bitstream "F:/xilinx_project/microblaze/ax7325/microblaze_mipi_group/microblaze_base.sdk/design_1_wrapper_hw_platform_0/design_1_wrapper.bit"
18:53:07 INFO  : Context for processor 'microblaze_0' is selected.
18:53:07 INFO  : System reset is completed.
18:53:10 INFO  : 'after 3000' command is executed.
18:53:10 INFO  : Context for processor 'microblaze_0' is selected.
18:53:11 INFO  : The application 'F:/xilinx_project/microblaze/ax7325/microblaze_mipi_group/microblaze_base.sdk/mipi_test/Debug/mipi_test.elf' is downloaded to processor 'microblaze_0'.
18:53:11 INFO  : ----------------XSDB Script----------------
connect -url tcp:127.0.0.1:3121
targets -set -filter {jtag_cable_name =~ "Digilent JTAG-HS1 210512180081" && level==0} -index 0
fpga -file F:/xilinx_project/microblaze/ax7325/microblaze_mipi_group/microblaze_base.sdk/design_1_wrapper_hw_platform_0/design_1_wrapper.bit
targets -set -nocase -filter {name =~ "microblaze*#0" && bscan=="USER2"  && jtag_cable_name =~ "Digilent JTAG-HS1 210512180081"} -index 0
rst -system
after 3000
targets -set -nocase -filter {name =~ "microblaze*#0" && bscan=="USER2"  && jtag_cable_name =~ "Digilent JTAG-HS1 210512180081"} -index 0
dow F:/xilinx_project/microblaze/ax7325/microblaze_mipi_group/microblaze_base.sdk/mipi_test/Debug/mipi_test.elf
----------------End of Script----------------

18:53:11 INFO  : Memory regions updated for context MicroBlaze #0
18:53:11 INFO  : Memory regions updated for context MicroBlaze Debug Module at USER2
18:53:11 INFO  : Context for processor 'microblaze_0' is selected.
18:53:11 INFO  : 'con' command is executed.
18:53:11 INFO  : ----------------XSDB Script (After Launch)----------------
targets -set -nocase -filter {name =~ "microblaze*#0" && bscan=="USER2"  && jtag_cable_name =~ "Digilent JTAG-HS1 210512180081"} -index 0
con
----------------End of Script----------------

18:53:11 INFO  : Launch script is exported to file 'F:\xilinx_project\microblaze\ax7325\microblaze_mipi_group\microblaze_base.sdk\.sdk\launch_scripts\xilinx_c-c++_application_(system_debugger)\system_debugger_using_debug_mipi_test.elf_on_local.tcl'
18:54:35 INFO  : Refreshed build settings on project bootloader
18:55:40 INFO  : Connected to target on host '127.0.0.1' and port '3121'.
18:55:40 INFO  : 'targets -set -filter {jtag_cable_name =~ "Digilent JTAG-HS1 210512180081" && level==0} -index 0' command is executed.
18:55:45 INFO  : FPGA configured successfully with bitstream "F:/xilinx_project/microblaze/ax7325/microblaze_mipi_group/microblaze_base.sdk/design_1_wrapper_hw_platform_0/download.bit"
18:55:51 INFO  : Connected to target on host '127.0.0.1' and port '3121'.
18:56:38 INFO  : Invoking Bootgen: bootgen -arch fpga -image F:/xilinx_project/microblaze/ax7325/microblaze_mipi_group/microblaze_base.sdk/design_1_wrapper_hw_platform_0/cache/bootimage.bif -w -o F:/xilinx_project/microblaze/ax7325/microblaze_mipi_group/microblaze_base.sdk/design_1_wrapper_hw_platform_0/cache/BOOT.bin  -interface spi
18:56:39 INFO  : Bootgen command execution is done.
18:59:04 INFO  : Connected to target on host '127.0.0.1' and port '3121'.
18:59:19 INFO  : Converting 'microblaze' ELF file 'F:\xilinx_project\microblaze\ax7325\microblaze_mipi_group\microblaze_base.sdk\mipi_test\Debug\mipi_test.elf' into bootable SREC format.
18:59:19 INFO  : Caching converted image as 'F:\xilinx_project\microblaze\ax7325\microblaze_mipi_group\microblaze_base.sdk\design_1_wrapper_hw_platform_0\cache\mipi_test.elf.srec'.
18:59:29 INFO  : Invoking Bootgen: bootgen -arch fpga -image F:/xilinx_project/microblaze/ax7325/microblaze_mipi_group/microblaze_base.sdk/design_1_wrapper_hw_platform_0/cache/bootimage.bif -w -o F:/xilinx_project/microblaze/ax7325/microblaze_mipi_group/microblaze_base.sdk/design_1_wrapper_hw_platform_0/cache/BOOT.bin  -interface spi
18:59:30 INFO  : Bootgen command execution is done.
19:00:26 INFO  : Disconnected from the channel tcfchan#3.
16:44:36 INFO  : Registering command handlers for SDK TCF services
16:44:37 INFO  : Launching XSCT server: xsct.bat -interactive F:\xilinx_project\microblaze\update\ax7325\microblaze_mipi\microblaze_base.sdk\temp_xsdb_launch_script.tcl
16:44:40 INFO  : XSCT server has started successfully.
16:44:40 INFO  : Successfully done setting XSCT server connection channel  
16:44:42 INFO  : Successfully done setting SDK workspace  
16:44:42 INFO  : Processing command line option -hwspec F:/xilinx_project/microblaze/update/ax7325/microblaze_mipi/microblaze_base.sdk/design_1_wrapper.hdf.
16:47:13 INFO  : Connected to target on host '127.0.0.1' and port '3121'.
16:47:13 INFO  : Jtag cable 'Digilent JTAG-HS1 210512180081' is selected.
16:47:13 INFO  : 'jtag frequency' command is executed.
16:47:13 INFO  : 'targets -set -filter {jtag_cable_name =~ "Digilent JTAG-HS1 210512180081" && level==0} -index 0' command is executed.
16:47:17 INFO  : FPGA configured successfully with bitstream "F:/xilinx_project/microblaze/update/ax7325/microblaze_mipi/microblaze_base.sdk/design_1_wrapper_hw_platform_0/design_1_wrapper.bit"
16:47:18 INFO  : Context for processor 'microblaze_0' is selected.
16:47:18 INFO  : System reset is completed.
16:47:21 INFO  : 'after 3000' command is executed.
16:47:21 INFO  : Context for processor 'microblaze_0' is selected.
16:47:21 INFO  : The application 'F:/xilinx_project/microblaze/update/ax7325/microblaze_mipi/microblaze_base.sdk/mipi_test/Debug/mipi_test.elf' is downloaded to processor 'microblaze_0'.
16:47:21 INFO  : ----------------XSDB Script----------------
connect -url tcp:127.0.0.1:3121
targets -set -filter {jtag_cable_name =~ "Digilent JTAG-HS1 210512180081" && level==0} -index 0
fpga -file F:/xilinx_project/microblaze/update/ax7325/microblaze_mipi/microblaze_base.sdk/design_1_wrapper_hw_platform_0/design_1_wrapper.bit
targets -set -nocase -filter {name =~ "microblaze*#0" && bscan=="USER2"  && jtag_cable_name =~ "Digilent JTAG-HS1 210512180081"} -index 0
rst -system
after 3000
targets -set -nocase -filter {name =~ "microblaze*#0" && bscan=="USER2"  && jtag_cable_name =~ "Digilent JTAG-HS1 210512180081"} -index 0
dow F:/xilinx_project/microblaze/update/ax7325/microblaze_mipi/microblaze_base.sdk/mipi_test/Debug/mipi_test.elf
----------------End of Script----------------

16:47:21 INFO  : Memory regions updated for context MicroBlaze #0
16:47:21 INFO  : Memory regions updated for context MicroBlaze Debug Module at USER2
16:47:22 INFO  : Context for processor 'microblaze_0' is selected.
16:47:22 INFO  : 'con' command is executed.
16:47:22 INFO  : ----------------XSDB Script (After Launch)----------------
targets -set -nocase -filter {name =~ "microblaze*#0" && bscan=="USER2"  && jtag_cable_name =~ "Digilent JTAG-HS1 210512180081"} -index 0
con
----------------End of Script----------------

16:47:22 INFO  : Launch script is exported to file 'F:\xilinx_project\microblaze\update\ax7325\microblaze_mipi\microblaze_base.sdk\.sdk\launch_scripts\xilinx_c-c++_application_(system_debugger)\system_debugger_using_debug_mipi_test.elf_on_local.tcl'
16:48:40 INFO  : Disconnected from the channel tcfchan#1.
16:48:41 INFO  : Connected to target on host '127.0.0.1' and port '3121'.
16:48:41 INFO  : Jtag cable 'Digilent JTAG-HS1 210512180081' is selected.
16:48:41 INFO  : 'jtag frequency' command is executed.
16:48:41 INFO  : 'targets -set -filter {jtag_cable_name =~ "Digilent JTAG-HS1 210512180081" && level==0} -index 0' command is executed.
16:48:45 INFO  : FPGA configured successfully with bitstream "F:/xilinx_project/microblaze/update/ax7325/microblaze_mipi/microblaze_base.sdk/design_1_wrapper_hw_platform_0/design_1_wrapper.bit"
16:48:46 INFO  : Context for processor 'microblaze_0' is selected.
16:48:46 INFO  : System reset is completed.
16:48:49 INFO  : 'after 3000' command is executed.
16:48:49 INFO  : Context for processor 'microblaze_0' is selected.
16:48:49 INFO  : The application 'F:/xilinx_project/microblaze/update/ax7325/microblaze_mipi/microblaze_base.sdk/mipi_test/Debug/mipi_test.elf' is downloaded to processor 'microblaze_0'.
16:48:49 INFO  : ----------------XSDB Script----------------
connect -url tcp:127.0.0.1:3121
targets -set -filter {jtag_cable_name =~ "Digilent JTAG-HS1 210512180081" && level==0} -index 0
fpga -file F:/xilinx_project/microblaze/update/ax7325/microblaze_mipi/microblaze_base.sdk/design_1_wrapper_hw_platform_0/design_1_wrapper.bit
targets -set -nocase -filter {name =~ "microblaze*#0" && bscan=="USER2"  && jtag_cable_name =~ "Digilent JTAG-HS1 210512180081"} -index 0
rst -system
after 3000
targets -set -nocase -filter {name =~ "microblaze*#0" && bscan=="USER2"  && jtag_cable_name =~ "Digilent JTAG-HS1 210512180081"} -index 0
dow F:/xilinx_project/microblaze/update/ax7325/microblaze_mipi/microblaze_base.sdk/mipi_test/Debug/mipi_test.elf
----------------End of Script----------------

16:48:49 INFO  : Memory regions updated for context MicroBlaze #0
16:48:49 INFO  : Memory regions updated for context MicroBlaze Debug Module at USER2
16:48:50 INFO  : Context for processor 'microblaze_0' is selected.
16:48:50 INFO  : 'con' command is executed.
16:48:50 INFO  : ----------------XSDB Script (After Launch)----------------
targets -set -nocase -filter {name =~ "microblaze*#0" && bscan=="USER2"  && jtag_cable_name =~ "Digilent JTAG-HS1 210512180081"} -index 0
con
----------------End of Script----------------

16:48:50 INFO  : Launch script is exported to file 'F:\xilinx_project\microblaze\update\ax7325\microblaze_mipi\microblaze_base.sdk\.sdk\launch_scripts\xilinx_c-c++_application_(system_debugger)\system_debugger_using_debug_mipi_test.elf_on_local.tcl'
16:49:12 INFO  : Disconnected from the channel tcfchan#2.
18:57:56 INFO  : Registering command handlers for SDK TCF services
18:57:57 INFO  : Launching XSCT server: xsct.bat -interactive F:\xilinx_project\AX7325\microblaze_mipi\microblaze_base.sdk\temp_xsdb_launch_script.tcl
18:57:58 INFO  : XSCT server has started successfully.
18:57:58 INFO  : Successfully done setting XSCT server connection channel  
18:57:58 INFO  : Successfully done setting SDK workspace  
18:57:58 INFO  : Processing command line option -hwspec F:/xilinx_project/AX7325/microblaze_mipi/microblaze_base.sdk/design_1_wrapper.hdf.
20:07:29 INFO  : SDK has detected change in the last modified timestamps for source hardware specification file Source:1561634867672,  Project:1555060871705
20:07:29 INFO  : Project design_1_wrapper_hw_platform_0's source hardware specification located at F:/xilinx_project/AX7325/microblaze_mipi/microblaze_base.sdk/design_1_wrapper.hdf is now different from the local copy.
		 The local copy will be replaced with the source specification and your workspace will be updated.
20:07:50 INFO  : Copied contents of F:/xilinx_project/AX7325/microblaze_mipi/microblaze_base.sdk/design_1_wrapper.hdf into \design_1_wrapper_hw_platform_0\system.hdf.
20:07:51 INFO  : Synchronizing projects in the workspace with the hardware platform specification changes.
20:07:53 INFO  : 
20:07:55 INFO  : 
20:07:55 INFO  : Updating hardware inferred compiler options for bootloader.
20:07:56 INFO  : Updating hardware inferred compiler options for mipi_test.
20:07:56 INFO  : Clearing existing target manager status.
20:07:56 WARN  : Given IPC port value is invalid. Using default port 2350
20:07:56 WARN  : Unable to obtain port 2350 for use by XMD, java.net.SocketException: Unrecognized Windows Sockets error: 0: JVM_Bind
20:07:56 WARN  : Given XMD timeout value is invalid. Using default value of 50000
20:07:57 WARN  : Given XMD transaction timeout value is invalid. Using default value of 60000 milli seconds
20:26:38 INFO  : Connected to target on host '127.0.0.1' and port '3121'.
20:26:38 INFO  : Jtag cable 'Digilent JTAG-HS1 210512180081' is selected.
20:26:38 INFO  : 'jtag frequency' command is executed.
20:26:39 INFO  : 'targets -set -filter {jtag_cable_name =~ "Digilent JTAG-HS1 210512180081" && level==0} -index 0' command is executed.
20:26:44 INFO  : FPGA configured successfully with bitstream "F:/xilinx_project/AX7325/microblaze_mipi/microblaze_base.sdk/design_1_wrapper_hw_platform_0/design_1_wrapper.bit"
20:26:44 INFO  : Context for processor 'microblaze_0' is selected.
20:26:44 INFO  : System reset is completed.
20:26:47 INFO  : 'after 3000' command is executed.
20:26:47 INFO  : Context for processor 'microblaze_0' is selected.
20:26:48 INFO  : The application 'F:/xilinx_project/AX7325/microblaze_mipi/microblaze_base.sdk/mipi_test/Debug/mipi_test.elf' is downloaded to processor 'microblaze_0'.
20:26:48 INFO  : ----------------XSDB Script----------------
connect -url tcp:127.0.0.1:3121
targets -set -filter {jtag_cable_name =~ "Digilent JTAG-HS1 210512180081" && level==0} -index 0
fpga -file F:/xilinx_project/AX7325/microblaze_mipi/microblaze_base.sdk/design_1_wrapper_hw_platform_0/design_1_wrapper.bit
targets -set -nocase -filter {name =~ "microblaze*#0" && bscan=="USER2"  && jtag_cable_name =~ "Digilent JTAG-HS1 210512180081"} -index 0
rst -system
after 3000
targets -set -nocase -filter {name =~ "microblaze*#0" && bscan=="USER2"  && jtag_cable_name =~ "Digilent JTAG-HS1 210512180081"} -index 0
dow F:/xilinx_project/AX7325/microblaze_mipi/microblaze_base.sdk/mipi_test/Debug/mipi_test.elf
----------------End of Script----------------

20:26:48 INFO  : Memory regions updated for context MicroBlaze #0
20:26:48 INFO  : Memory regions updated for context MicroBlaze Debug Module at USER2
20:26:49 INFO  : Context for processor 'microblaze_0' is selected.
20:26:49 INFO  : 'con' command is executed.
20:26:49 INFO  : ----------------XSDB Script (After Launch)----------------
targets -set -nocase -filter {name =~ "microblaze*#0" && bscan=="USER2"  && jtag_cable_name =~ "Digilent JTAG-HS1 210512180081"} -index 0
con
----------------End of Script----------------

20:26:49 INFO  : Launch script is exported to file 'F:\xilinx_project\AX7325\microblaze_mipi\microblaze_base.sdk\.sdk\launch_scripts\xilinx_c-c++_application_(system_debugger)\system_debugger_using_debug_mipi_test.elf_on_local.tcl'
20:28:33 INFO  : Connected to target on host '127.0.0.1' and port '3121'.
20:28:33 INFO  : 'targets -set -filter {jtag_cable_name =~ "Digilent JTAG-HS1 210512180081" && level==0} -index 0' command is executed.
20:28:37 INFO  : FPGA configured successfully with bitstream "F:/xilinx_project/AX7325/microblaze_mipi/microblaze_base.sdk/design_1_wrapper_hw_platform_0/download.bit"
20:28:45 INFO  : Connected to target on host '127.0.0.1' and port '3121'.
20:29:44 INFO  : Invoking Bootgen: bootgen -arch fpga -image F:/xilinx_project/AX7325/microblaze_mipi/microblaze_base.sdk/design_1_wrapper_hw_platform_0/cache/bootimage.bif -w -o F:/xilinx_project/AX7325/microblaze_mipi/microblaze_base.sdk/design_1_wrapper_hw_platform_0/cache/BOOT.bin  -interface spi
20:29:45 INFO  : Bootgen command execution is done.
20:32:20 INFO  : Connected to target on host '127.0.0.1' and port '3121'.
20:32:40 INFO  : Converting 'microblaze' ELF file 'F:\xilinx_project\AX7325\microblaze_mipi\microblaze_base.sdk\mipi_test\Debug\mipi_test.elf' into bootable SREC format.
20:32:40 INFO  : Caching converted image as 'F:\xilinx_project\AX7325\microblaze_mipi\microblaze_base.sdk\design_1_wrapper_hw_platform_0\cache\mipi_test.elf.srec'.
20:32:42 INFO  : Invoking Bootgen: bootgen -arch fpga -image F:/xilinx_project/AX7325/microblaze_mipi/microblaze_base.sdk/design_1_wrapper_hw_platform_0/cache/bootimage.bif -w -o F:/xilinx_project/AX7325/microblaze_mipi/microblaze_base.sdk/design_1_wrapper_hw_platform_0/cache/BOOT.bin  -interface spi
20:32:43 INFO  : Bootgen command execution is done.
20:34:13 INFO  : Disconnected from the channel tcfchan#1.
20:34:14 ERROR : Unexpected error while parsing XMD response ?: com.google.gson.JsonSyntaxException: com.google.gson.stream.MalformedJsonException: invalid number or unquoted string near 
19:08:02 INFO  : Registering command handlers for SDK TCF services
19:08:02 INFO  : Launching XSCT server: xsct.bat -interactive I:\NEW_214te\microblaze_mipi21\microblaze_mipi\microblaze_base.sdk\temp_xsdb_launch_script.tcl
19:08:06 INFO  : XSCT server has started successfully.
19:08:06 INFO  : Successfully done setting XSCT server connection channel  
19:08:15 INFO  : Successfully done setting SDK workspace  
19:08:15 INFO  : Processing command line option -hwspec I:/NEW_214te/microblaze_mipi21/microblaze_mipi/microblaze_base.sdk/design_1_wrapper.hdf.
19:11:04 INFO  : Connected to target on host '127.0.0.1' and port '3121'.
19:11:04 INFO  : Jtag cable 'Digilent JTAG-HS1 210512180081' is selected.
19:11:04 INFO  : 'jtag frequency' command is executed.
19:11:04 INFO  : 'targets -set -filter {jtag_cable_name =~ "Digilent JTAG-HS1 210512180081" && level==0} -index 0' command is executed.
19:11:09 INFO  : FPGA configured successfully with bitstream "I:/NEW_214te/microblaze_mipi21/microblaze_mipi/microblaze_base.sdk/design_1_wrapper_hw_platform_0/design_1_wrapper.bit"
19:11:10 INFO  : Context for processor 'microblaze_0' is selected.
19:11:10 INFO  : System reset is completed.
19:11:13 INFO  : 'after 3000' command is executed.
19:11:13 INFO  : Context for processor 'microblaze_0' is selected.
19:11:13 INFO  : The application 'I:/NEW_214te/microblaze_mipi21/microblaze_mipi/microblaze_base.sdk/mipi_test/Debug/mipi_test.elf' is downloaded to processor 'microblaze_0'.
19:11:13 INFO  : ----------------XSDB Script----------------
connect -url tcp:127.0.0.1:3121
targets -set -filter {jtag_cable_name =~ "Digilent JTAG-HS1 210512180081" && level==0} -index 0
fpga -file I:/NEW_214te/microblaze_mipi21/microblaze_mipi/microblaze_base.sdk/design_1_wrapper_hw_platform_0/design_1_wrapper.bit
targets -set -nocase -filter {name =~ "microblaze*#0" && bscan=="USER2"  && jtag_cable_name =~ "Digilent JTAG-HS1 210512180081"} -index 0
rst -system
after 3000
targets -set -nocase -filter {name =~ "microblaze*#0" && bscan=="USER2"  && jtag_cable_name =~ "Digilent JTAG-HS1 210512180081"} -index 0
dow I:/NEW_214te/microblaze_mipi21/microblaze_mipi/microblaze_base.sdk/mipi_test/Debug/mipi_test.elf
----------------End of Script----------------

19:11:13 INFO  : Memory regions updated for context MicroBlaze #0
19:11:13 INFO  : Memory regions updated for context MicroBlaze Debug Module at USER2
19:11:14 INFO  : Context for processor 'microblaze_0' is selected.
19:11:14 INFO  : 'con' command is executed.
19:11:14 INFO  : ----------------XSDB Script (After Launch)----------------
targets -set -nocase -filter {name =~ "microblaze*#0" && bscan=="USER2"  && jtag_cable_name =~ "Digilent JTAG-HS1 210512180081"} -index 0
con
----------------End of Script----------------

19:11:14 INFO  : Launch script is exported to file 'I:\NEW_214te\microblaze_mipi21\microblaze_mipi\microblaze_base.sdk\.sdk\launch_scripts\xilinx_c-c++_application_(system_debugger)\system_debugger_using_debug_mipi_test.elf_on_local.tcl'
19:13:12 INFO  : Disconnected from the channel tcfchan#1.
19:13:13 INFO  : Connected to target on host '127.0.0.1' and port '3121'.
19:13:13 INFO  : Jtag cable 'Digilent JTAG-HS1 210512180081' is selected.
19:13:13 INFO  : 'jtag frequency' command is executed.
19:13:14 INFO  : 'targets -set -filter {jtag_cable_name =~ "Digilent JTAG-HS1 210512180081" && level==0} -index 0' command is executed.
19:13:18 INFO  : FPGA configured successfully with bitstream "I:/NEW_214te/microblaze_mipi21/microblaze_mipi/microblaze_base.sdk/design_1_wrapper_hw_platform_0/design_1_wrapper.bit"
19:13:19 INFO  : Context for processor 'microblaze_0' is selected.
19:13:19 INFO  : System reset is completed.
19:13:22 INFO  : 'after 3000' command is executed.
19:13:22 INFO  : Context for processor 'microblaze_0' is selected.
19:13:22 INFO  : The application 'I:/NEW_214te/microblaze_mipi21/microblaze_mipi/microblaze_base.sdk/mipi_test/Debug/mipi_test.elf' is downloaded to processor 'microblaze_0'.
19:13:22 INFO  : ----------------XSDB Script----------------
connect -url tcp:127.0.0.1:3121
targets -set -filter {jtag_cable_name =~ "Digilent JTAG-HS1 210512180081" && level==0} -index 0
fpga -file I:/NEW_214te/microblaze_mipi21/microblaze_mipi/microblaze_base.sdk/design_1_wrapper_hw_platform_0/design_1_wrapper.bit
targets -set -nocase -filter {name =~ "microblaze*#0" && bscan=="USER2"  && jtag_cable_name =~ "Digilent JTAG-HS1 210512180081"} -index 0
rst -system
after 3000
targets -set -nocase -filter {name =~ "microblaze*#0" && bscan=="USER2"  && jtag_cable_name =~ "Digilent JTAG-HS1 210512180081"} -index 0
dow I:/NEW_214te/microblaze_mipi21/microblaze_mipi/microblaze_base.sdk/mipi_test/Debug/mipi_test.elf
----------------End of Script----------------

19:13:22 INFO  : Memory regions updated for context MicroBlaze #0
19:13:22 INFO  : Memory regions updated for context MicroBlaze Debug Module at USER2
19:13:23 INFO  : Context for processor 'microblaze_0' is selected.
19:13:23 INFO  : 'con' command is executed.
19:13:23 INFO  : ----------------XSDB Script (After Launch)----------------
targets -set -nocase -filter {name =~ "microblaze*#0" && bscan=="USER2"  && jtag_cable_name =~ "Digilent JTAG-HS1 210512180081"} -index 0
con
----------------End of Script----------------

19:13:23 INFO  : Launch script is exported to file 'I:\NEW_214te\microblaze_mipi21\microblaze_mipi\microblaze_base.sdk\.sdk\launch_scripts\xilinx_c-c++_application_(system_debugger)\system_debugger_using_debug_mipi_test.elf_on_local.tcl'
19:17:54 INFO  : Disconnected from the channel tcfchan#2.
19:17:55 INFO  : Connected to target on host '127.0.0.1' and port '3121'.
19:17:55 INFO  : Jtag cable 'Digilent JTAG-HS1 210512180081' is selected.
19:17:55 INFO  : 'jtag frequency' command is executed.
19:17:55 INFO  : 'targets -set -filter {jtag_cable_name =~ "Digilent JTAG-HS1 210512180081" && level==0} -index 0' command is executed.
19:18:00 INFO  : FPGA configured successfully with bitstream "I:/NEW_214te/microblaze_mipi21/microblaze_mipi/microblaze_base.sdk/design_1_wrapper_hw_platform_0/design_1_wrapper.bit"
19:18:00 INFO  : Context for processor 'microblaze_0' is selected.
19:18:00 INFO  : System reset is completed.
19:18:03 INFO  : 'after 3000' command is executed.
19:18:03 INFO  : Context for processor 'microblaze_0' is selected.
19:18:04 INFO  : The application 'I:/NEW_214te/microblaze_mipi21/microblaze_mipi/microblaze_base.sdk/mipi_test/Debug/mipi_test.elf' is downloaded to processor 'microblaze_0'.
19:18:04 INFO  : ----------------XSDB Script----------------
connect -url tcp:127.0.0.1:3121
targets -set -filter {jtag_cable_name =~ "Digilent JTAG-HS1 210512180081" && level==0} -index 0
fpga -file I:/NEW_214te/microblaze_mipi21/microblaze_mipi/microblaze_base.sdk/design_1_wrapper_hw_platform_0/design_1_wrapper.bit
targets -set -nocase -filter {name =~ "microblaze*#0" && bscan=="USER2"  && jtag_cable_name =~ "Digilent JTAG-HS1 210512180081"} -index 0
rst -system
after 3000
targets -set -nocase -filter {name =~ "microblaze*#0" && bscan=="USER2"  && jtag_cable_name =~ "Digilent JTAG-HS1 210512180081"} -index 0
dow I:/NEW_214te/microblaze_mipi21/microblaze_mipi/microblaze_base.sdk/mipi_test/Debug/mipi_test.elf
----------------End of Script----------------

19:18:04 INFO  : Memory regions updated for context MicroBlaze #0
19:18:04 INFO  : Memory regions updated for context MicroBlaze Debug Module at USER2
19:18:04 INFO  : Context for processor 'microblaze_0' is selected.
19:18:05 INFO  : 'con' command is executed.
19:18:05 INFO  : ----------------XSDB Script (After Launch)----------------
targets -set -nocase -filter {name =~ "microblaze*#0" && bscan=="USER2"  && jtag_cable_name =~ "Digilent JTAG-HS1 210512180081"} -index 0
con
----------------End of Script----------------

19:18:05 INFO  : Launch script is exported to file 'I:\NEW_214te\microblaze_mipi21\microblaze_mipi\microblaze_base.sdk\.sdk\launch_scripts\xilinx_c-c++_application_(system_debugger)\system_debugger_using_debug_mipi_test.elf_on_local.tcl'
19:19:52 INFO  : Disconnected from the channel tcfchan#3.
19:19:52 INFO  : Connected to target on host '127.0.0.1' and port '3121'.
19:19:52 INFO  : Jtag cable 'Digilent JTAG-HS1 210512180081' is selected.
19:19:52 INFO  : 'jtag frequency' command is executed.
19:19:52 INFO  : 'targets -set -filter {jtag_cable_name =~ "Digilent JTAG-HS1 210512180081" && level==0} -index 0' command is executed.
19:19:57 INFO  : FPGA configured successfully with bitstream "I:/NEW_214te/microblaze_mipi21/microblaze_mipi/microblaze_base.sdk/design_1_wrapper_hw_platform_0/design_1_wrapper.bit"
19:19:57 INFO  : Context for processor 'microblaze_0' is selected.
19:19:58 INFO  : System reset is completed.
19:20:01 INFO  : 'after 3000' command is executed.
19:20:01 INFO  : Context for processor 'microblaze_0' is selected.
19:20:01 INFO  : The application 'I:/NEW_214te/microblaze_mipi21/microblaze_mipi/microblaze_base.sdk/mipi_test/Debug/mipi_test.elf' is downloaded to processor 'microblaze_0'.
19:20:01 INFO  : ----------------XSDB Script----------------
connect -url tcp:127.0.0.1:3121
targets -set -filter {jtag_cable_name =~ "Digilent JTAG-HS1 210512180081" && level==0} -index 0
fpga -file I:/NEW_214te/microblaze_mipi21/microblaze_mipi/microblaze_base.sdk/design_1_wrapper_hw_platform_0/design_1_wrapper.bit
targets -set -nocase -filter {name =~ "microblaze*#0" && bscan=="USER2"  && jtag_cable_name =~ "Digilent JTAG-HS1 210512180081"} -index 0
rst -system
after 3000
targets -set -nocase -filter {name =~ "microblaze*#0" && bscan=="USER2"  && jtag_cable_name =~ "Digilent JTAG-HS1 210512180081"} -index 0
dow I:/NEW_214te/microblaze_mipi21/microblaze_mipi/microblaze_base.sdk/mipi_test/Debug/mipi_test.elf
----------------End of Script----------------

19:20:01 INFO  : Memory regions updated for context MicroBlaze #0
19:20:01 INFO  : Memory regions updated for context MicroBlaze Debug Module at USER2
19:20:02 INFO  : Context for processor 'microblaze_0' is selected.
19:20:02 INFO  : 'con' command is executed.
19:20:02 INFO  : ----------------XSDB Script (After Launch)----------------
targets -set -nocase -filter {name =~ "microblaze*#0" && bscan=="USER2"  && jtag_cable_name =~ "Digilent JTAG-HS1 210512180081"} -index 0
con
----------------End of Script----------------

19:20:02 INFO  : Launch script is exported to file 'I:\NEW_214te\microblaze_mipi21\microblaze_mipi\microblaze_base.sdk\.sdk\launch_scripts\xilinx_c-c++_application_(system_debugger)\system_debugger_using_debug_mipi_test.elf_on_local.tcl'
19:21:11 INFO  : Disconnected from the channel tcfchan#4.
19:21:11 INFO  : Connected to target on host '127.0.0.1' and port '3121'.
19:21:11 INFO  : Jtag cable 'Digilent JTAG-HS1 210512180081' is selected.
19:21:11 INFO  : 'jtag frequency' command is executed.
19:21:11 INFO  : 'targets -set -filter {jtag_cable_name =~ "Digilent JTAG-HS1 210512180081" && level==0} -index 0' command is executed.
19:21:16 INFO  : FPGA configured successfully with bitstream "I:/NEW_214te/microblaze_mipi21/microblaze_mipi/microblaze_base.sdk/design_1_wrapper_hw_platform_0/design_1_wrapper.bit"
19:21:16 INFO  : Context for processor 'microblaze_0' is selected.
19:21:16 INFO  : System reset is completed.
19:21:19 INFO  : 'after 3000' command is executed.
19:21:20 INFO  : Context for processor 'microblaze_0' is selected.
19:21:20 INFO  : The application 'I:/NEW_214te/microblaze_mipi21/microblaze_mipi/microblaze_base.sdk/mipi_test/Debug/mipi_test.elf' is downloaded to processor 'microblaze_0'.
19:21:20 INFO  : ----------------XSDB Script----------------
connect -url tcp:127.0.0.1:3121
targets -set -filter {jtag_cable_name =~ "Digilent JTAG-HS1 210512180081" && level==0} -index 0
fpga -file I:/NEW_214te/microblaze_mipi21/microblaze_mipi/microblaze_base.sdk/design_1_wrapper_hw_platform_0/design_1_wrapper.bit
targets -set -nocase -filter {name =~ "microblaze*#0" && bscan=="USER2"  && jtag_cable_name =~ "Digilent JTAG-HS1 210512180081"} -index 0
rst -system
after 3000
targets -set -nocase -filter {name =~ "microblaze*#0" && bscan=="USER2"  && jtag_cable_name =~ "Digilent JTAG-HS1 210512180081"} -index 0
dow I:/NEW_214te/microblaze_mipi21/microblaze_mipi/microblaze_base.sdk/mipi_test/Debug/mipi_test.elf
----------------End of Script----------------

19:21:20 INFO  : Memory regions updated for context MicroBlaze #0
19:21:20 INFO  : Memory regions updated for context MicroBlaze Debug Module at USER2
19:21:21 INFO  : Context for processor 'microblaze_0' is selected.
19:21:21 INFO  : 'con' command is executed.
19:21:21 INFO  : ----------------XSDB Script (After Launch)----------------
targets -set -nocase -filter {name =~ "microblaze*#0" && bscan=="USER2"  && jtag_cable_name =~ "Digilent JTAG-HS1 210512180081"} -index 0
con
----------------End of Script----------------

19:21:21 INFO  : Launch script is exported to file 'I:\NEW_214te\microblaze_mipi21\microblaze_mipi\microblaze_base.sdk\.sdk\launch_scripts\xilinx_c-c++_application_(system_debugger)\system_debugger_using_debug_mipi_test.elf_on_local.tcl'
19:22:44 INFO  : Disconnected from the channel tcfchan#5.
